{"/Users/ireneuszbednorz/Desktop/DEV/dzial-iii-atakujace-krolowe-ibednorz/src/queensAttack.ts": {"path":"/Users/ireneuszbednorz/Desktop/DEV/dzial-iii-atakujace-krolowe-ibednorz/src/queensAttack.ts","statementMap":{"0":{"start":{"line":2,"column":0},"end":{"line":2,"column":53}},"1":{"start":{"line":8,"column":4},"end":{"line":8,"column":null}},"2":{"start":{"line":9,"column":4},"end":{"line":9,"column":null}},"3":{"start":{"line":10,"column":4},"end":{"line":12,"column":null}},"4":{"start":{"line":11,"column":6},"end":{"line":11,"column":null}},"5":{"start":{"line":16,"column":16},"end":{"line":25,"column":null}},"6":{"start":{"line":26,"column":4},"end":{"line":26,"column":null}},"7":{"start":{"line":27,"column":4},"end":{"line":27,"column":null}},"8":{"start":{"line":28,"column":4},"end":{"line":28,"column":null}},"9":{"start":{"line":32,"column":4},"end":{"line":36,"column":6}},"10":{"start":{"line":40,"column":20},"end":{"line":40,"column":47}},"11":{"start":{"line":41,"column":19},"end":{"line":41,"column":47}},"12":{"start":{"line":43,"column":20},"end":{"line":43,"column":54}},"13":{"start":{"line":44,"column":4},"end":{"line":44,"column":21}},"14":{"start":{"line":4,"column":0},"end":{"line":4,"column":13}}},"fnMap":{"0":{"name":"(anonymous_0)","decl":{"start":{"line":7,"column":2},"end":{"line":7,"column":14}},"loc":{"start":{"line":7,"column":44},"end":{"line":13,"column":3}}},"1":{"name":"(anonymous_1)","decl":{"start":{"line":15,"column":9},"end":{"line":15,"column":31}},"loc":{"start":{"line":15,"column":31},"end":{"line":29,"column":3}}},"2":{"name":"(anonymous_2)","decl":{"start":{"line":31,"column":9},"end":{"line":31,"column":23}},"loc":{"start":{"line":31,"column":23},"end":{"line":37,"column":3}}},"3":{"name":"(anonymous_3)","decl":{"start":{"line":39,"column":2},"end":{"line":39,"column":13}},"loc":{"start":{"line":39,"column":67},"end":{"line":45,"column":1}}}},"branchMap":{"0":{"loc":{"start":{"line":10,"column":4},"end":{"line":12,"column":null}},"type":"if","locations":[{"start":{"line":10,"column":4},"end":{"line":12,"column":null}},{"start":{"line":10,"column":4},"end":{"line":12,"column":null}}]},"1":{"loc":{"start":{"line":10,"column":7},"end":{"line":10,"column":36}},"type":"binary-expr","locations":[{"start":{"line":10,"column":7},"end":{"line":10,"column":36}},{"start":{"line":10,"column":40},"end":{"line":10,"column":69}}]},"2":{"loc":{"start":{"line":33,"column":6},"end":{"line":33,"column":37}},"type":"binary-expr","locations":[{"start":{"line":33,"column":6},"end":{"line":33,"column":37}},{"start":{"line":34,"column":6},"end":{"line":34,"column":37}},{"start":{"line":35,"column":6},"end":{"line":35,"column":89}}]}},"s":{"0":7,"1":35,"2":35,"3":35,"4":5,"5":5,"6":5,"7":5,"8":5,"9":20,"10":10,"11":10,"12":10,"13":10,"14":7},"f":{"0":35,"1":5,"2":20,"3":10},"b":{"0":[5,30],"1":[35,11],"2":[20,15,10]}}
,"/Users/ireneuszbednorz/Desktop/DEV/dzial-iii-atakujace-krolowe-ibednorz/src/shared/errors.ts": {"path":"/Users/ireneuszbednorz/Desktop/DEV/dzial-iii-atakujace-krolowe-ibednorz/src/shared/errors.ts","statementMap":{"0":{"start":{"line":1,"column":13},"end":{"line":1,"column":75}}},"fnMap":{},"branchMap":{},"s":{"0":7},"f":{},"b":{}}
}
