TN:
SF:src/queensAttack.ts
FN:7,(anonymous_0)
FN:15,(anonymous_1)
FN:31,(anonymous_2)
FN:39,(anonymous_3)
FNF:4
FNH:4
FNDA:35,(anonymous_0)
FNDA:5,(anonymous_1)
FNDA:20,(anonymous_2)
FNDA:10,(anonymous_3)
DA:2,7
DA:4,7
DA:8,35
DA:9,35
DA:10,35
DA:11,5
DA:16,5
DA:26,5
DA:27,5
DA:28,5
DA:32,20
DA:40,10
DA:41,10
DA:43,10
DA:44,10
LF:15
LH:15
BRDA:10,0,0,5
BRDA:10,0,1,30
BRDA:10,1,0,35
BRDA:10,1,1,11
BRDA:33,2,0,20
BRDA:33,2,1,15
BRDA:33,2,2,10
BRF:7
BRH:7
end_of_record
TN:
SF:src/shared/errors.ts
FNF:0
FNH:0
DA:1,7
LF:1
LH:1
BRF:0
BRH:0
end_of_record
